      │１│２│３│４│５│６│７│　│Ｒ│Ｈ│Ｅ
───┼─┼─┼─┼─┼─┼─┼─┼─┼─┼─┼─
 資工 │ 1│ 3│ 0│ 3│ 0│ 2│ 0│　│ 9│14│ 1
───┼─┼─┼─┼─┼─┼─┼─┼─┼─┼─┼─
 OP牙 │ 2│ 0│ 0│ 2│ 0│ 1│ 0│　│ 5│12│ 2

資工
          １局    ２局    ３局    ４局    ５局    ６局    
 1. 74    [1;31m左二r[m   [1;31m中二2r[m          三飛            游失r   
 2. 36    一飛    [1;31m自安[m            [1;31m中安r[m           投滾    
 3. 7     三滾    [1;31m右二1[m           [1;5;1;31m全壘3r[m          [1;31m中二2[m   
 4. 20    [1;32m四壞[m    [1;31m游安[m            捕飛#           游滾#   
 5. 35    [1;31m右安1[m   [1;33m三振[m#                   [1;33m三振[m    
 6. 24    游失            游飛            [1;31m左安[m    
 7. 29    自飛#           [1;32m四壞[m            [1;31m中安[m    
 8. 21            [1;31m左安[m    [1;33m三振[m            [1;33m三振[m    
 9. 77            [1;32m四壞r[m   投滾#           [1;33m三振[m#   
10. 新生          [1;33m三振[m            [1;33m三振[m            [1;32m四壞[m    
11. OB            [1;31m游安r[m*          [1;32m四壞r[m           [1;31m中安r[m*  


  投    投局 面打  被   被   四  三  失  自  滾  飛   Ｅ
  手    球數 對席 安打 全壘  壞  振  分  責  地  球   RA
  24     6.0  31   12    0    1   6   5   4   2   9  4.67
--------------------------------------------------------------------------------

OP牙
          １局    ２局    ３局    ４局    ５局    ６局    
 1. 20    [1;32m四壞r[m           [1;33m三振[m            三滾    
 2. 25    [1;31m左二1r[m          [1;31m左二[m            [1;31m自安[m    
 3. 33    [1;33m三振[m            一飛            二飛#   
 4. 81    [1;31m游安1[m           二飛#                   [1;31m右二r[m   
 5. 43    [1;31m右安[m                    [1;31m右安r[m           二飛    
 6. 40    [1;33m三振[m                    [1;31m左二1r[m          [1;31m左安[m    
 7. 47    游飛#                   [1;31m自安1[m           一失*   
 8. 55            三飛            左飛            [1;31m內安[m    
 9. 1             投滾            [1;33m三振[m            [1;33m三振[m#   
10. 88            自飛#           [1;33m三振[m#   
11. 66                    [1;31m右安[m            二飛    


  投    投局 面打  被   被   四  三  失  自  滾  飛   Ｅ
  手    球數 對席 安打 全壘  壞  振  分  責  地  球   RA
  33     6.0  37   14    1    5   7   9   7   4   5  8.17

Team: 資工
Batting:
        PA  AB  1B  2B  3B  HR  DP RBI RUN  BB   K  SF
 1. 74   4   4   0   2   0   0   0   2   3   0   0   0
 2. 36   4   4   2   0   0   0   0   0   1   0   0   0
 3. 7    4   4   0   2   0   1   0   6   1   0   0   0
 4. 20   4   3   1   0   0   0   0   0   0   1   0   0
 5. 35   3   3   1   0   0   0   0   1   0   0   2   0
 6. 24   3   3   1   0   0   0   0   0   0   0   0   0
 7. 29   3   2   1   0   0   0   0   0   0   1   0   0
 8. 21   3   3   1   0   0   0   0   0   0   0   2   0
 9. 77   3   2   0   0   0   0   0   0   1   1   1   0
10. N    3   2   0   0   0   0   0   0   0   1   2   0
11. OB   3   2   2   0   0   0   0   0   3   1   0   0

Pitching:
 No.  IP  PA   H  HR  BB   K  Run  ER  GO  FO
 24  6.0  31  12   0   1   6    5   4   2   9

Team: OP牙
Batting:
        PA  AB  1B  2B  3B  HR  DP RBI RUN  BB   K  SF
 1. 20   3   2   0   0   0   0   0   0   1   1   1   0
 2. 25   3   3   1   2   0   0   0   1   1   0   0   0
 3. 33   3   3   0   0   0   0   0   0   0   0   1   0
 4. 81   3   3   1   1   0   0   0   1   1   0   0   0
 5. 43   3   3   2   0   0   0   0   0   1   0   0   0
 6. 40   3   3   1   1   0   0   0   1   1   0   1   0
 7. 47   3   3   1   0   0   0   0   1   0   0   0   0
 8. 55   3   3   1   0   0   0   0   0   0   0   0   0
 9. 1    3   3   0   0   0   0   0   0   0   0   2   0
10. 88   2   2   0   0   0   0   0   0   0   0   1   0
11. 66   2   2   1   0   0   0   0   0   0   0   0   0

Pitching:
 No.  IP  PA   H  HR  BB   K  Run  ER  GO  FO
 33  6.0  37  14   1   5   7    9   7   4   5
