      │１│２│３│４│５│６│７│　│Ｒ│Ｈ│Ｅ
───┼─┼─┼─┼─┼─┼─┼─┼─┼─┼─┼─
 電機 │ 0│ 1│ 1│ 0│ 1│ 2│ 0│　│ 5│11│ 1
───┼─┼─┼─┼─┼─┼─┼─┼─┼─┼─┼─
 OP牙 │ 2│ 0│ 0│ 0│ 0│ 0│ 2│　│ 4│ 8│ 4

電機
          １局    ２局    ３局    ４局    ５局    ６局            
 1. 23    游飛            三滾            游雙    三滾    
 2. 73    [1;31m右安[m            [1;31m右安r[m           三失r   三失r   
 3. 49    [1;32m四壞[m            [1;31m左安[m            [1;31m中安1[m   [1;31m中安[m    
 4. 42    右飛            二飛            [1;31m中安[m    投滾    
 5. 91    投滾#           二失            二選#   投失    
 6. 68            [1;33m三振[m    [1;33m三振[m#                   [1;33m三振[m    游選#   
 7. OB            右飛            中飛            中飛    
 8. OB            [1;31m游安r[m           中飛            [1;31m左二r[m   
 9. 80            [1;31m中安1[m           右飛#           [1;31m中安1[m   
10. 45            投飛#                   [1;31m內安[m    
代. 40                                            投滾    


  投    投局 面打  被   被   四  三  失  自  滾  飛   Ｅ
  手    球數 對席 安打 全壘  壞  振  分  責  地  球   RA
  80     7.0  32    8    1    3   4   4   4   6   9  4.00
--------------------------------------------------------------------------------

OP牙
          １局    ２局    ３局    ４局    ５局    ６局    ７局    
 1. 20    游飛    游選                    三飛#   
 2. 25    [1;31m中二r[m   中飛#                           右飛    
 3. 33    [1;32m四壞r[m           [1;31m左安[m                    游滾    
 4. 81    [1;31m左安1[m           三選                    違擊#   
 5. 43    投失            中飛                            [1;32m四壞r[m   
 6. 40    [1;31m游安1[m           游選#                           [1;5;1;31m左全2r[m  
 7. 47    [1;33m三振[m                    [1;31m左安[m                    一滾    
 8. 55    [1;33m三振[m#                   [1;33m三振[m                    [1;32m四壞[m    
 9. 1             [1;31m中安[m            二飛#*                  游選    
10. 88            右飛                    右飛            [1;33m三振[m#   
11. 66            [1;31m右安[m                    投飛    


  投    投局 面打  被   被   四  三  失  自  滾  飛   Ｅ
  手    球數 對席 安打 全壘  壞  振  分  責  地  球   RA
  47     7.0  36   11    0    1   3   5   2   9   9  2.00

Team: 電機
Batting:
        PA  AB  1B  2B  3B  HR  DP RBI RUN  BB   K  SF
 1. 23   4   4   0   0   0   0   1   0   0   0   0   0
 2. 73   4   4   2   0   0   0   0   0   3   0   0   0
 3. 49   4   3   3   0   0   0   0   1   0   1   0   0
 4. 42   4   4   1   0   0   0   0   0   0   0   0   0
 5. 91   4   4   0   0   0   0   0   0   0   0   0   0
 6. 68   4   4   0   0   0   0   0   0   0   0   3   0
 7. OB   3   3   0   0   0   0   0   0   0   0   0   0
 8. OB   3   3   1   1   0   0   0   0   2   0   0   0
 9. 80   3   3   2   0   0   0   0   2   0   0   0   0
10. 45   2   2   1   0   0   0   0   0   0   0   0   0
 R. 40   1   1   0   0   0   0   0   0   0   0   0   0

Pitching:
 No.  IP  PA   H  HR  BB   K  Run  ER  GO  FO
 80  7.0  32   8   1   3   4    4   4   6   9

Team: OP牙
Batting:
        PA  AB  1B  2B  3B  HR  DP RBI RUN  BB   K  SF
 1. 20   3   3   0   0   0   0   0   0   0   0   0   0
 2. 25   3   3   0   1   0   0   0   0   1   0   0   0
 3. 33   3   2   1   0   0   0   0   0   1   1   0   0
 4. 81   3   3   1   0   0   0   0   1   0   0   0   0
 5. 43   3   2   0   0   0   0   0   0   1   1   0   0
 6. 40   3   3   1   0   0   1   0   3   1   0   0   0
 7. 47   3   3   1   0   0   0   0   0   0   0   1   0
 8. 55   3   2   0   0   0   0   0   0   0   1   2   0
 9. 1    3   3   1   0   0   0   0   0   0   0   0   0
10. 88   3   3   0   0   0   0   0   0   0   0   1   0
11. 66   2   2   1   0   0   0   0   0   0   0   0   0

Pitching:
 No.  IP  PA   H  HR  BB   K  Run  ER  GO  FO
 47  7.0  36  11   0   1   3    5   2   9   9
