      │１│２│３│４│５│６│７│　│Ｒ│Ｈ│Ｅ
───┼─┼─┼─┼─┼─┼─┼─┼─┼─┼─┼─
 化工 │ 2│ 2│ 1│ 1│ 4│ 0│ 0│　│10│14│ 1
───┼─┼─┼─┼─┼─┼─┼─┼─┼─┼─┼─
 電機 │ 0│ 1│ 6│ 0│ 1│ 2│ 0│　│10│11│ 4

化工
          １局    ２局    ３局    ４局    ５局    ６局    
 1. 32    [1;32m四壞r[m   [1;31m右安r[m   [1;31m中安1[m#*         [1;31m右安r[m   中飛#   
 2. 66    [1;31m右二1r[m  [1;31m左安[m            游滾    二飛    
 3. 5     [1;31m左安[m    [1;32m四壞1[m           [1;31m中三r[m   [1;31m自安1r[m  
 4. 8     游選1   [1;35m中犧1[m           [1;31m自安1[m   [1;31m左安2r[m  
 5. 39    游飛    三飛#           [1;33m三振[m    [1;32m四壞[m    
 6. 33    [1;32m四壞[m            左飛    [1;31m內安[m    [1;31m左安1[m#* 
 7. 40    游飛            右失r   [1;31m內安[m            [1;33m三振[m    
 8. 93    投滾#           投失    左飛#           三失    
 9. 78            游失    [1;31m游安[m            投滾    [1;32m四壞[m    
10. 64            游選r   游選            [1;32m四壞r[m   
代. 13                                            [1;33m三振[m    


  投    投局 面打  被   被   四  三  失  自  滾  飛   Ｅ
  手    球數 對席 安打 全壘  壞  振  分  責  地  球   RA
  66     6.0  36   11    1    5   1  10  10  11   6  11.67
--------------------------------------------------------------------------------

電機
          １局    ２局    ３局    ４局    ５局    ６局    
 1. 91    [1;31m右安[m    二滾#   自選#                   一飛    
 2. 73    中飛            游失r   中飛            游選r   
 3. 49    [1;31m游安[m            [1;32m四壞r[m   [1;31m左安[m            [1;5;1;31m左全2r[m  
 4. 42    投選            [1;32m四壞r[m   中飛            [1;31m內安[m    
 5. 40    投滾#           [1;32m四壞1r[m  游選#           [1;31m左安[m    
 6. 68            [1;32m四壞r[m   [1;31m左安1r[m          左飛    [1;33m三振[m#   
 7. 23            [1;32m四壞[m    [1;31m左安1r[m          [1;31m中三r[m   
 8. 45            投滾    投滾1           二滾1   
 9. OB            一飛    [1;31m左安2[m           投滾#   
10. 80            投選1   投選                    [1;31m自安[m    


  投    投局 面打  被   被   四  三  失  自  滾  飛   Ｅ
  手    球數 對席 安打 全壘  壞  振  分  責  地  球   RA
  80     6.0  41   14    0    6   3  10   9   5   8  10.50

Team: 化工
Batting:
        PA  AB  1B  2B  3B  HR  DP RBI RUN  BB   K  SF
 1. 32   5   4   3   0   0   0   0   1   3   1   0   0
 2. 66   4   4   1   1   0   0   0   1   1   0   0   0
 3. 5    4   3   2   0   1   0   0   2   2   1   0   0
 4. 8    4   3   2   0   0   0   0   5   1   0   0   1
 5. 39   4   3   0   0   0   0   0   0   0   1   1   0
 6. 33   4   3   2   0   0   0   0   1   0   1   0   0
 7. 40   4   4   1   0   0   0   0   0   1   0   1   0
 8. 93   4   4   0   0   0   0   0   0   0   0   0   0
 9. 78   4   3   1   0   0   0   0   0   0   1   0   0
10. 64   3   2   0   0   0   0   0   0   2   1   0   0
 R. 13   1   1   0   0   0   0   0   0   0   0   1   0

Pitching:
 No.  IP  PA   H  HR  BB   K  Run  ER  GO  FO
 66  6.0  36  11   1   5   1   10  10  11   6

Team: 電機
Batting:
        PA  AB  1B  2B  3B  HR  DP RBI RUN  BB   K  SF
 1. 91   4   4   1   0   0   0   0   0   0   0   0   0
 2. 73   4   4   0   0   0   0   0   0   2   0   0   0
 3. 49   4   3   2   0   0   1   0   2   2   1   0   0
 4. 42   4   3   1   0   0   0   0   0   1   1   0   0
 5. 40   4   3   1   0   0   0   0   1   1   1   0   0
 6. 68   4   3   1   0   0   0   0   1   2   1   1   0
 7. 23   3   2   1   0   1   0   0   1   2   1   0   0
 8. 45   3   3   0   0   0   0   0   2   0   0   0   0
 9. OB   3   3   1   0   0   0   0   2   0   0   0   0
10. 80   3   3   1   0   0   0   0   1   0   0   0   0

Pitching:
 No.  IP  PA   H  HR  BB   K  Run  ER  GO  FO
 80  6.0  41  14   0   6   3   10   9   5   8
